build/app/intermediates/manifest_merge_blame_file/debug/manifest-merger-blame-debug-report.txt
1<?xml version="1.0" encoding="utf-8"?>
2<manifest xmlns:android="http://schemas.android.com/apk/res/android"
3    package="com.amrosh.patienttalks"
4    android:versionCode="1"
5    android:versionName="1.0" >
6
7    <uses-sdk
8        android:minSdkVersion="16"
9        android:targetSdkVersion="28" />
10    <!--
11         Flutter needs it to communicate with the running application
12         to allow setting breakpoints, to provide hot reload, etc.
13    -->
14    <uses-permission android:name="android.permission.INTERNET" />
14-->src\debug\AndroidManifest.xml:6:5-66
14-->src\debug\AndroidManifest.xml:6:22-64
15    <uses-permission android:name="android.permission.ACCESS_FINE_LOCATION" />
15-->[:geolocator] AndroidManifest.xml:7:5-79
15-->[:geolocator] AndroidManifest.xml:7:22-76
16    <uses-permission android:name="android.permission.READ_EXTERNAL_STORAGE" />
16-->[:image_picker] AndroidManifest.xml:7:5-80
16-->[:image_picker] AndroidManifest.xml:7:22-77
17    <uses-permission android:name="android.permission.WRITE_EXTERNAL_STORAGE" /> <!-- Although the *SdkVersion is captured in gradle build files, this is required for non gradle builds -->
17-->[:image_picker] AndroidManifest.xml:8:5-81
17-->[:image_picker] AndroidManifest.xml:8:22-78
18    <!-- <uses-sdk android:minSdkVersion="14"/> -->
19    <uses-permission android:name="android.permission.ACCESS_NETWORK_STATE" />
19-->[com.google.firebase:firebase-storage:19.1.1] AndroidManifest.xml:26:5-79
19-->[com.google.firebase:firebase-storage:19.1.1] AndroidManifest.xml:26:22-76
20    <uses-permission android:name="android.permission.WAKE_LOCK" /> <!-- Required by older versions of Google Play services to create IID tokens -->
20-->[com.google.android.gms:play-services-measurement-api:17.4.3] AndroidManifest.xml:24:5-68
20-->[com.google.android.gms:play-services-measurement-api:17.4.3] AndroidManifest.xml:24:22-65
21    <uses-permission android:name="com.google.android.c2dm.permission.RECEIVE" />
21-->[com.google.firebase:firebase-iid:20.1.5] AndroidManifest.xml:26:5-82
21-->[com.google.firebase:firebase-iid:20.1.5] AndroidManifest.xml:26:22-79
22    <uses-permission android:name="com.google.android.finsky.permission.BIND_GET_INSTALL_REFERRER_SERVICE" />
22-->[com.google.android.gms:play-services-measurement:17.4.3] AndroidManifest.xml:26:5-110
22-->[com.google.android.gms:play-services-measurement:17.4.3] AndroidManifest.xml:26:22-107
23    <!--
24 io.flutter.app.FlutterApplication is an android.app.Application that
25         calls FlutterMain.startInitialization(this); in its onCreate method.
26         In most cases you can leave this as-is, but you if you want to provide
27         additional functionality it is fine to subclass or reimplement
28         FlutterApplication and put your custom class here.
29    -->
30    <application
30-->src\main\AndroidManifest.xml:8:5-46:19
31        android:name="io.flutter.app.FlutterApplication"
31-->src\main\AndroidManifest.xml:9:9-57
32        android:appComponentFactory="androidx.core.app.CoreComponentFactory"
32-->[androidx.core:core:1.2.0] AndroidManifest.xml:24:18-86
33        android:debuggable="true"
34        android:icon="@mipmap/ic_launcher"
34-->src\main\AndroidManifest.xml:11:9-43
35        android:label="patienttalks" >
35-->src\main\AndroidManifest.xml:10:9-37
36        <activity
36-->src\main\AndroidManifest.xml:12:9-40:20
37            android:name="com.amrosh.patienttalks.MainActivity"
37-->src\main\AndroidManifest.xml:13:13-41
38            android:configChanges="orientation|keyboardHidden|keyboard|screenSize|smallestScreenSize|locale|layoutDirection|fontScale|screenLayout|density|uiMode"
38-->src\main\AndroidManifest.xml:16:13-163
39            android:hardwareAccelerated="true"
39-->src\main\AndroidManifest.xml:17:13-47
40            android:launchMode="singleTop"
40-->src\main\AndroidManifest.xml:14:13-43
41            android:theme="@style/LaunchTheme"
41-->src\main\AndroidManifest.xml:15:13-47
42            android:windowSoftInputMode="adjustResize" >
42-->src\main\AndroidManifest.xml:18:13-55
43
44            <!--
45                 Specifies an Android theme to apply to this Activity as soon as
46                 the Android process has started. This theme is visible to the user
47                 while the Flutter UI initializes. After that, this theme continues
48                 to determine the Window background behind the Flutter UI.
49            -->
50            <meta-data
50-->src\main\AndroidManifest.xml:23:13-26:17
51                android:name="io.flutter.embedding.android.NormalTheme"
51-->src\main\AndroidManifest.xml:24:15-70
52                android:resource="@style/NormalTheme" />
52-->src\main\AndroidManifest.xml:25:15-52
53            <!--
54                 Displays an Android View that continues showing the launch screen
55                 Drawable until Flutter paints its first frame, then this splash
56                 screen fades out. A splash screen is useful to avoid any visual
57                 gap between the end of Android's launch screen and the painting of
58                 Flutter's first frame.
59            -->
60            <meta-data
60-->src\main\AndroidManifest.xml:32:13-35:17
61                android:name="io.flutter.embedding.android.SplashScreenDrawable"
61-->src\main\AndroidManifest.xml:33:15-79
62                android:resource="@drawable/launch_background" />
62-->src\main\AndroidManifest.xml:34:15-61
63
64            <intent-filter>
64-->src\main\AndroidManifest.xml:36:13-39:29
65                <action android:name="android.intent.action.MAIN" />
65-->src\main\AndroidManifest.xml:37:17-68
65-->src\main\AndroidManifest.xml:37:25-66
66
67                <category android:name="android.intent.category.LAUNCHER" />
67-->src\main\AndroidManifest.xml:38:17-76
67-->src\main\AndroidManifest.xml:38:27-74
68            </intent-filter>
69        </activity>
70        <!--
71             Don't delete the meta-data below.
72             This is used by the Flutter tool to generate GeneratedPluginRegistrant.java
73        -->
74        <meta-data
74-->src\main\AndroidManifest.xml:43:9-45:33
75            android:name="flutterEmbedding"
75-->src\main\AndroidManifest.xml:44:13-44
76            android:value="2" />
76-->src\main\AndroidManifest.xml:45:13-30
77
78        <service
78-->[:firebase_storage] AndroidManifest.xml:8:9-12:19
79            android:name="com.google.firebase.components.ComponentDiscoveryService"
79-->[:firebase_storage] AndroidManifest.xml:8:18-89
80            android:directBootAware="true"
80-->[com.google.firebase:firebase-common:19.3.0] AndroidManifest.xml:34:13-43
81            android:exported="false" >
81-->[com.google.firebase:firebase-auth:19.3.1] AndroidManifest.xml:35:13-37
82            <meta-data
82-->[:firebase_storage] AndroidManifest.xml:9:13-11:85
83                android:name="com.google.firebase.components:io.flutter.plugins.firebase.storage.FlutterFirebaseAppRegistrar"
83-->[:firebase_storage] AndroidManifest.xml:10:17-126
84                android:value="com.google.firebase.components.ComponentRegistrar" />
84-->[:firebase_storage] AndroidManifest.xml:11:17-82
85            <meta-data
85-->[:firebase_auth] AndroidManifest.xml:9:13-11:85
86                android:name="com.google.firebase.components:io.flutter.plugins.firebaseauth.FlutterFirebaseAppRegistrar"
86-->[:firebase_auth] AndroidManifest.xml:10:17-122
87                android:value="com.google.firebase.components.ComponentRegistrar" />
87-->[:firebase_auth] AndroidManifest.xml:11:17-82
88            <meta-data
88-->[:cloud_firestore] AndroidManifest.xml:9:13-11:85
89                android:name="com.google.firebase.components:io.flutter.plugins.firebase.cloudfirestore.FlutterFirebaseAppRegistrar"
89-->[:cloud_firestore] AndroidManifest.xml:10:17-133
90                android:value="com.google.firebase.components.ComponentRegistrar" />
90-->[:cloud_firestore] AndroidManifest.xml:11:17-82
91            <meta-data
91-->[:firebase_core] AndroidManifest.xml:9:13-11:85
92                android:name="com.google.firebase.components:io.flutter.plugins.firebase.core.FlutterFirebaseAppRegistrar"
92-->[:firebase_core] AndroidManifest.xml:10:17-123
93                android:value="com.google.firebase.components.ComponentRegistrar" />
93-->[:firebase_core] AndroidManifest.xml:11:17-82
94            <meta-data
94-->[com.google.firebase:firebase-auth:19.3.1] AndroidManifest.xml:36:13-38:85
95                android:name="com.google.firebase.components:com.google.firebase.auth.FirebaseAuthRegistrar"
95-->[com.google.firebase:firebase-auth:19.3.1] AndroidManifest.xml:37:17-109
96                android:value="com.google.firebase.components.ComponentRegistrar" />
96-->[com.google.firebase:firebase-auth:19.3.1] AndroidManifest.xml:38:17-82
97            <meta-data
97-->[com.google.firebase:firebase-storage:19.1.1] AndroidManifest.xml:33:13-35:85
98                android:name="com.google.firebase.components:com.google.firebase.storage.StorageRegistrar"
98-->[com.google.firebase:firebase-storage:19.1.1] AndroidManifest.xml:34:17-107
99                android:value="com.google.firebase.components.ComponentRegistrar" />
99-->[com.google.firebase:firebase-storage:19.1.1] AndroidManifest.xml:35:17-82
100            <meta-data
100-->[com.google.firebase:firebase-firestore:21.4.3] AndroidManifest.xml:20:13-22:85
101                android:name="com.google.firebase.components:com.google.firebase.firestore.FirestoreRegistrar"
101-->[com.google.firebase:firebase-firestore:21.4.3] AndroidManifest.xml:21:17-111
102                android:value="com.google.firebase.components.ComponentRegistrar" />
102-->[com.google.firebase:firebase-firestore:21.4.3] AndroidManifest.xml:22:17-82
103            <meta-data
103-->[com.google.android.gms:play-services-measurement-api:17.4.3] AndroidManifest.xml:30:13-32:85
104                android:name="com.google.firebase.components:com.google.firebase.analytics.connector.internal.AnalyticsConnectorRegistrar"
104-->[com.google.android.gms:play-services-measurement-api:17.4.3] AndroidManifest.xml:31:17-139
105                android:value="com.google.firebase.components.ComponentRegistrar" />
105-->[com.google.android.gms:play-services-measurement-api:17.4.3] AndroidManifest.xml:32:17-82
106            <meta-data
106-->[com.google.firebase:firebase-iid:20.1.5] AndroidManifest.xml:32:13-34:85
107                android:name="com.google.firebase.components:com.google.firebase.iid.Registrar"
107-->[com.google.firebase:firebase-iid:20.1.5] AndroidManifest.xml:33:17-96
108                android:value="com.google.firebase.components.ComponentRegistrar" />
108-->[com.google.firebase:firebase-iid:20.1.5] AndroidManifest.xml:34:17-82
109            <meta-data
109-->[com.google.firebase:firebase-installations:16.2.1] AndroidManifest.xml:17:13-19:85
110                android:name="com.google.firebase.components:com.google.firebase.installations.FirebaseInstallationsRegistrar"
110-->[com.google.firebase:firebase-installations:16.2.1] AndroidManifest.xml:18:17-127
111                android:value="com.google.firebase.components.ComponentRegistrar" />
111-->[com.google.firebase:firebase-installations:16.2.1] AndroidManifest.xml:19:17-82
112        </service>
113
114        <provider
114-->[:image_picker] AndroidManifest.xml:11:9-19:20
115            android:name="io.flutter.plugins.imagepicker.ImagePickerFileProvider"
115-->[:image_picker] AndroidManifest.xml:12:13-82
116            android:authorities="com.amrosh.patienttalks.flutter.image_provider"
116-->[:image_picker] AndroidManifest.xml:13:13-74
117            android:exported="false"
117-->[:image_picker] AndroidManifest.xml:14:13-37
118            android:grantUriPermissions="true" >
118-->[:image_picker] AndroidManifest.xml:15:13-47
119            <meta-data
119-->[:image_picker] AndroidManifest.xml:16:13-18:75
120                android:name="android.support.FILE_PROVIDER_PATHS"
120-->[:image_picker] AndroidManifest.xml:17:17-67
121                android:resource="@xml/flutter_image_picker_file_paths" />
121-->[:image_picker] AndroidManifest.xml:18:17-72
122        </provider>
123
124        <activity
124-->[com.google.firebase:firebase-auth:19.3.1] AndroidManifest.xml:24:9-31:50
125            android:name="com.google.firebase.auth.internal.FederatedSignInActivity"
125-->[com.google.firebase:firebase-auth:19.3.1] AndroidManifest.xml:25:13-85
126            android:excludeFromRecents="true"
126-->[com.google.firebase:firebase-auth:19.3.1] AndroidManifest.xml:26:13-46
127            android:exported="true"
127-->[com.google.firebase:firebase-auth:19.3.1] AndroidManifest.xml:27:13-36
128            android:launchMode="singleTask"
128-->[com.google.firebase:firebase-auth:19.3.1] AndroidManifest.xml:28:13-44
129            android:permission="com.google.firebase.auth.api.gms.permission.LAUNCH_FEDERATED_SIGN_IN"
129-->[com.google.firebase:firebase-auth:19.3.1] AndroidManifest.xml:29:13-102
130            android:theme="@android:style/Theme.Translucent.NoTitleBar" />
130-->[com.google.firebase:firebase-auth:19.3.1] AndroidManifest.xml:30:13-72
131        <activity
131-->[com.google.android.gms:play-services-auth:16.0.1] AndroidManifest.xml:23:9-27:75
132            android:name="com.google.android.gms.auth.api.signin.internal.SignInHubActivity"
132-->[com.google.android.gms:play-services-auth:16.0.1] AndroidManifest.xml:24:13-93
133            android:excludeFromRecents="true"
133-->[com.google.android.gms:play-services-auth:16.0.1] AndroidManifest.xml:25:13-46
134            android:exported="false"
134-->[com.google.android.gms:play-services-auth:16.0.1] AndroidManifest.xml:26:13-37
135            android:theme="@android:style/Theme.Translucent.NoTitleBar" />
135-->[com.google.android.gms:play-services-auth:16.0.1] AndroidManifest.xml:27:13-72
136        <!--
137            Service handling Google Sign-In user revocation. For apps that do not integrate with
138            Google Sign-In, this service will never be started.
139        -->
140        <service
140-->[com.google.android.gms:play-services-auth:16.0.1] AndroidManifest.xml:33:9-36:110
141            android:name="com.google.android.gms.auth.api.signin.RevocationBoundService"
141-->[com.google.android.gms:play-services-auth:16.0.1] AndroidManifest.xml:34:13-89
142            android:exported="true"
142-->[com.google.android.gms:play-services-auth:16.0.1] AndroidManifest.xml:35:13-36
143            android:permission="com.google.android.gms.auth.api.signin.permission.REVOCATION_NOTIFICATION" />
143-->[com.google.android.gms:play-services-auth:16.0.1] AndroidManifest.xml:36:13-107
144
145        <receiver
145-->[com.google.firebase:firebase-iid:20.1.5] AndroidManifest.xml:37:9-44:20
146            android:name="com.google.firebase.iid.FirebaseInstanceIdReceiver"
146-->[com.google.firebase:firebase-iid:20.1.5] AndroidManifest.xml:38:13-78
147            android:exported="true"
147-->[com.google.firebase:firebase-iid:20.1.5] AndroidManifest.xml:39:13-36
148            android:permission="com.google.android.c2dm.permission.SEND" >
148-->[com.google.firebase:firebase-iid:20.1.5] AndroidManifest.xml:40:13-73
149            <intent-filter>
149-->[com.google.firebase:firebase-iid:20.1.5] AndroidManifest.xml:41:13-43:29
150                <action android:name="com.google.android.c2dm.intent.RECEIVE" />
150-->[com.google.firebase:firebase-iid:20.1.5] AndroidManifest.xml:42:17-81
150-->[com.google.firebase:firebase-iid:20.1.5] AndroidManifest.xml:42:25-78
151            </intent-filter>
152        </receiver>
153
154        <activity
154-->[com.google.android.gms:play-services-base:17.2.1] AndroidManifest.xml:23:9-26:75
155            android:name="com.google.android.gms.common.api.GoogleApiActivity"
155-->[com.google.android.gms:play-services-base:17.2.1] AndroidManifest.xml:24:13-79
156            android:exported="false"
156-->[com.google.android.gms:play-services-base:17.2.1] AndroidManifest.xml:25:13-37
157            android:theme="@android:style/Theme.Translucent.NoTitleBar" />
157-->[com.google.android.gms:play-services-base:17.2.1] AndroidManifest.xml:26:13-72
158
159        <receiver
159-->[com.google.android.gms:play-services-measurement:17.4.3] AndroidManifest.xml:29:9-33:20
160            android:name="com.google.android.gms.measurement.AppMeasurementReceiver"
160-->[com.google.android.gms:play-services-measurement:17.4.3] AndroidManifest.xml:30:13-85
161            android:enabled="true"
161-->[com.google.android.gms:play-services-measurement:17.4.3] AndroidManifest.xml:31:13-35
162            android:exported="false" >
162-->[com.google.android.gms:play-services-measurement:17.4.3] AndroidManifest.xml:32:13-37
163        </receiver>
164
165        <service
165-->[com.google.android.gms:play-services-measurement:17.4.3] AndroidManifest.xml:35:9-38:40
166            android:name="com.google.android.gms.measurement.AppMeasurementService"
166-->[com.google.android.gms:play-services-measurement:17.4.3] AndroidManifest.xml:36:13-84
167            android:enabled="true"
167-->[com.google.android.gms:play-services-measurement:17.4.3] AndroidManifest.xml:37:13-35
168            android:exported="false" />
168-->[com.google.android.gms:play-services-measurement:17.4.3] AndroidManifest.xml:38:13-37
169        <service
169-->[com.google.android.gms:play-services-measurement:17.4.3] AndroidManifest.xml:39:9-43:72
170            android:name="com.google.android.gms.measurement.AppMeasurementJobService"
170-->[com.google.android.gms:play-services-measurement:17.4.3] AndroidManifest.xml:40:13-87
171            android:enabled="true"
171-->[com.google.android.gms:play-services-measurement:17.4.3] AndroidManifest.xml:41:13-35
172            android:exported="false"
172-->[com.google.android.gms:play-services-measurement:17.4.3] AndroidManifest.xml:42:13-37
173            android:permission="android.permission.BIND_JOB_SERVICE" />
173-->[com.google.android.gms:play-services-measurement:17.4.3] AndroidManifest.xml:43:13-69
174
175        <provider
175-->[com.google.firebase:firebase-common:19.3.0] AndroidManifest.xml:26:9-30:39
176            android:name="com.google.firebase.provider.FirebaseInitProvider"
176-->[com.google.firebase:firebase-common:19.3.0] AndroidManifest.xml:27:13-77
177            android:authorities="com.amrosh.patienttalks.firebaseinitprovider"
177-->[com.google.firebase:firebase-common:19.3.0] AndroidManifest.xml:28:13-72
178            android:exported="false"
178-->[com.google.firebase:firebase-common:19.3.0] AndroidManifest.xml:29:13-37
179            android:initOrder="100" />
179-->[com.google.firebase:firebase-common:19.3.0] AndroidManifest.xml:30:13-36
180
181        <meta-data
181-->[com.google.android.gms:play-services-basement:17.2.1] AndroidManifest.xml:23:9-25:69
182            android:name="com.google.android.gms.version"
182-->[com.google.android.gms:play-services-basement:17.2.1] AndroidManifest.xml:24:13-58
183            android:value="@integer/google_play_services_version" />
183-->[com.google.android.gms:play-services-basement:17.2.1] AndroidManifest.xml:25:13-66
184    </application>
185
186</manifest>